<?xml version='1.0' encoding='UTF-8' ?>
<testsuite name="com.example.qrhunter.OwnerMenuActivityTest" tests="1" failures="0" errors="0" skipped="0" time="6.842" timestamp="2022-03-17T22:24:13" hostname="localhost">
  <properties>
    <property name="device" value="Pixel_4_XL_API_29(AVD) - 10" />
    <property name="flavor" value="" />
    <property name="project" value="app" />
  </properties>
  <testcase name="checkSearchButton" classname="com.example.qrhunter.OwnerMenuActivityTest" time="3.567" />
</testsuite>