<?xml version='1.0' encoding='UTF-8' ?>
<testsuite name="com.example.qrhunter.PlayerMenuActivityTest" tests="1" failures="1" errors="0" skipped="0" time="0.373" timestamp="2022-04-03T01:14:40" hostname="localhost">
  <properties>
    <property name="device" value="Nexus_6P_API_22(AVD) - 5.1.1" />
    <property name="flavor" value="" />
    <property name="project" value="app" />
  </properties>
  <testcase name="start" classname="com.example.qrhunter.PlayerMenuActivityTest" time="0.12">
    <failure>java.lang.NullPointerException: Attempt to invoke virtual method 'java.lang.String android.os.Bundle.getString(java.lang.String)' on a null object reference
at com.example.qrhunter.PlayerMenuActivity.onCreate(PlayerMenuActivity.java:53)
at android.app.Activity.performCreate(Activity.java:5990)
at android.app.Instrumentation.callActivityOnCreate(Instrumentation.java:1106)
at androidx.test.runner.MonitoringInstrumentation.callActivityOnCreate(MonitoringInstrumentation.java:730)
at android.app.ActivityThread.performLaunchActivity(ActivityThread.java:2278)
at android.app.ActivityThread.handleLaunchActivity(ActivityThread.java:2387)
at android.app.ActivityThread.access$800(ActivityThread.java:151)
at android.app.ActivityThread$H.handleMessage(ActivityThread.java:1303)
at android.os.Handler.dispatchMessage(Handler.java:102)
at android.os.Looper.loop(Looper.java:135)
at android.app.ActivityThread.main(ActivityThread.java:5254)
at java.lang.reflect.Method.invoke(Native Method)
at java.lang.reflect.Method.invoke(Method.java:372)
at com.android.internal.os.ZygoteInit$MethodAndArgsCaller.run(ZygoteInit.java:903)
at com.android.internal.os.ZygoteInit.main(ZygoteInit.java:698)</failure>
  </testcase>
</testsuite>