<?xml version="1.0" encoding="UTF-8"?>
<testsuite name="com.example.qrhunter.ScoreOnOwnerPersonalPageListTest" tests="7" skipped="0" failures="0" errors="0" timestamp="2022-04-04T07:59:54" hostname="LAPTOP-8C56J47P" time="0.04">
  <properties/>
  <testcase name="testAddException()" classname="com.example.qrhunter.ScoreOnOwnerPersonalPageListTest" time="0.016"/>
  <testcase name="testAdd()" classname="com.example.qrhunter.ScoreOnOwnerPersonalPageListTest" time="0.005"/>
  <testcase name="testCount()" classname="com.example.qrhunter.ScoreOnOwnerPersonalPageListTest" time="0.003"/>
  <testcase name="testExistence()" classname="com.example.qrhunter.ScoreOnOwnerPersonalPageListTest" time="0.003"/>
  <testcase name="testGetScoreOnOwnerPersonalPages()" classname="com.example.qrhunter.ScoreOnOwnerPersonalPageListTest" time="0.001"/>
  <testcase name="testDelete()" classname="com.example.qrhunter.ScoreOnOwnerPersonalPageListTest" time="0.001"/>
  <testcase name="testDeleteException()" classname="com.example.qrhunter.ScoreOnOwnerPersonalPageListTest" time="0.002"/>
  <system-out><![CDATA[]]></system-out>
  <system-err><![CDATA[]]></system-err>
</testsuite>
