<?xml version="1.0" encoding="UTF-8"?>
<testsuite name="com.example.qrhunter.PlayerListTest" tests="7" skipped="0" failures="0" errors="0" timestamp="2022-04-04T01:23:18" hostname="LAPTOP-8C56J47P" time="0.022">
  <properties/>
  <testcase name="testAddException()" classname="com.example.qrhunter.PlayerListTest" time="0.009"/>
  <testcase name="testAdd()" classname="com.example.qrhunter.PlayerListTest" time="0.003"/>
  <testcase name="testCount()" classname="com.example.qrhunter.PlayerListTest" time="0.001"/>
  <testcase name="testExistence()" classname="com.example.qrhunter.PlayerListTest" time="0.002"/>
  <testcase name="testGetPlayers()" classname="com.example.qrhunter.PlayerListTest" time="0.0"/>
  <testcase name="testDelete()" classname="com.example.qrhunter.PlayerListTest" time="0.0"/>
  <testcase name="testDeleteException()" classname="com.example.qrhunter.PlayerListTest" time="0.001"/>
  <system-out><![CDATA[]]></system-out>
  <system-err><![CDATA[]]></system-err>
</testsuite>
